2025-05-30 13:53:01 INFO     Starting Sunalyzer server version 1.0.17
2025-05-30 13:53:01 INFO     Server: Reading backend configuration from config.yml
2025-05-30 13:53:01 INFO     Verbose logging is enabled
2025-05-30 13:53:01 INFO     Serving on http://0.0.0.0:5000
2025-05-30 13:53:02 DEBUG    Server: REST request of type 'current' received
2025-05-30 13:53:05 DEBUG    Server: REST request of type 'current' received
2025-05-30 13:53:05 DEBUG    Server: REST request of type 'real_time' received
2025-05-30 13:53:07 DEBUG    Server: REST request of type 'current' received
2025-05-30 13:53:08 WARNING  Task queue depth is 1
2025-05-30 13:53:08 WARNING  Task queue depth is 1
2025-05-30 13:53:08 WARNING  Task queue depth is 2
2025-05-30 13:53:08 WARNING  Task queue depth is 1
2025-05-30 13:53:08 WARNING  Task queue depth is 1
2025-05-30 13:53:08 DEBUG    Server: REST request of type 'current' received
2025-05-30 13:53:08 DEBUG    Server: REST request of type 'real_time' received
2025-05-30 13:53:08 DEBUG    Server: REST request of type 'dates' received
2025-05-30 13:53:11 DEBUG    Server: REST request of type 'current' received
2025-05-30 13:53:13 DEBUG    Server: REST request of type 'real_time' received
2025-05-30 13:53:14 DEBUG    Server: REST request of type 'current' received
2025-05-30 13:53:17 DEBUG    Server: REST request of type 'current' received
2025-05-30 13:53:18 DEBUG    Server: REST request of type 'real_time' received
2025-05-30 13:53:20 DEBUG    Server: REST request of type 'current' received
2025-05-30 13:53:23 DEBUG    Server: REST request of type 'real_time' received
2025-05-30 13:53:23 DEBUG    Server: REST request of type 'current' received
2025-05-30 13:53:26 DEBUG    Server: REST request of type 'current' received
2025-05-30 13:53:29 DEBUG    Server: REST request of type 'real_time' received
2025-05-30 13:53:30 DEBUG    Server: REST request of type 'current' received
2025-05-30 13:53:31 DEBUG    Server: REST request of type 'current' received
2025-05-30 13:53:31 DEBUG    Server: REST request of type 'real_time' received
2025-05-30 13:53:33 DEBUG    Server: REST request of type 'current' received
2025-05-30 13:53:33 DEBUG    Server: REST request of type 'real_time' received
2025-05-30 13:53:35 DEBUG    Server: REST request of type 'current' received
2025-05-30 13:53:38 DEBUG    Server: REST request of type 'current' received
2025-05-30 13:53:38 DEBUG    Server: REST request of type 'real_time' received
2025-05-30 13:53:41 DEBUG    Server: REST request of type 'current' received
2025-05-30 13:53:43 DEBUG    Server: REST request of type 'real_time' received
2025-05-30 13:53:44 DEBUG    Server: REST request of type 'current' received
2025-05-30 13:53:47 DEBUG    Server: REST request of type 'current' received
2025-05-30 13:53:48 DEBUG    Server: REST request of type 'real_time' received
2025-05-30 13:53:50 DEBUG    Server: REST request of type 'current' received
2025-05-30 13:53:53 DEBUG    Server: REST request of type 'current' received
2025-05-30 13:53:53 DEBUG    Server: REST request of type 'real_time' received
2025-05-30 13:53:56 DEBUG    Server: REST request of type 'current' received
2025-05-30 13:53:58 DEBUG    Server: REST request of type 'real_time' received
2025-05-30 13:54:00 DEBUG    Server: REST request of type 'current' received
2025-05-30 13:54:03 DEBUG    Server: REST request of type 'current' received
2025-05-30 13:54:04 DEBUG    Server: REST request of type 'real_time' received
2025-05-30 13:54:05 DEBUG    Server: REST request of type 'current' received
2025-05-30 13:54:08 DEBUG    Server: REST request of type 'current' received
2025-05-30 13:54:08 DEBUG    Server: REST request of type 'real_time' received
2025-05-30 13:54:11 DEBUG    Server: REST request of type 'current' received
2025-05-30 13:54:13 DEBUG    Server: REST request of type 'real_time' received
2025-05-30 13:54:14 DEBUG    Server: REST request of type 'current' received
2025-05-30 13:54:17 DEBUG    Server: REST request of type 'current' received
2025-05-30 13:54:18 DEBUG    Server: REST request of type 'real_time' received
2025-05-30 13:54:20 DEBUG    Server: REST request of type 'current' received
2025-05-30 13:54:23 DEBUG    Server: REST request of type 'current' received
2025-05-30 13:54:23 DEBUG    Server: REST request of type 'real_time' received
2025-05-30 13:54:26 DEBUG    Server: REST request of type 'current' received
2025-05-30 13:54:28 DEBUG    Server: REST request of type 'real_time' received
2025-05-30 13:54:29 DEBUG    Server: REST request of type 'current' received
2025-05-30 13:54:31 DEBUG    Server: REST request of type 'real_time' received
2025-05-30 13:54:31 DEBUG    Server: REST request of type 'current' received
2025-05-30 13:54:33 DEBUG    Server: REST request of type 'current' received
2025-05-30 13:54:34 DEBUG    Server: REST request of type 'real_time' received
2025-05-30 13:54:36 DEBUG    Server: REST request of type 'current' received
2025-05-30 13:54:38 DEBUG    Server: REST request of type 'real_time' received
2025-05-30 13:54:38 DEBUG    Server: REST request of type 'current' received
2025-05-30 13:54:41 DEBUG    Server: REST request of type 'current' received
2025-05-30 13:54:43 DEBUG    Server: REST request of type 'real_time' received
2025-05-30 13:54:44 DEBUG    Server: REST request of type 'current' received
2025-05-30 13:54:47 DEBUG    Server: REST request of type 'current' received
2025-05-30 13:54:48 DEBUG    Server: REST request of type 'real_time' received
2025-05-30 13:54:50 DEBUG    Server: REST request of type 'current' received
2025-05-30 13:54:53 DEBUG    Server: REST request of type 'current' received
2025-05-30 13:54:53 DEBUG    Server: REST request of type 'real_time' received
2025-05-30 13:54:56 DEBUG    Server: REST request of type 'current' received
2025-05-30 13:54:58 DEBUG    Server: REST request of type 'real_time' received
2025-05-30 13:54:59 DEBUG    Server: REST request of type 'current' received
2025-05-30 13:55:03 DEBUG    Server: REST request of type 'current' received
2025-05-30 13:55:04 DEBUG    Server: REST request of type 'real_time' received
2025-05-30 13:55:06 DEBUG    Server: REST request of type 'current' received
2025-05-30 13:55:08 DEBUG    Server: REST request of type 'current' received
2025-05-30 13:55:08 DEBUG    Server: REST request of type 'real_time' received
2025-05-30 13:55:11 DEBUG    Server: REST request of type 'current' received
2025-05-30 13:55:13 DEBUG    Server: REST request of type 'real_time' received
2025-05-30 13:55:14 DEBUG    Server: REST request of type 'current' received
2025-05-30 13:55:17 DEBUG    Server: REST request of type 'current' received
2025-05-30 13:55:18 DEBUG    Server: REST request of type 'real_time' received
2025-05-30 13:55:20 DEBUG    Server: REST request of type 'current' received
2025-05-30 13:55:23 DEBUG    Server: REST request of type 'current' received
2025-05-30 13:55:23 DEBUG    Server: REST request of type 'real_time' received
2025-05-30 13:55:26 DEBUG    Server: REST request of type 'current' received
2025-05-30 13:55:28 DEBUG    Server: REST request of type 'real_time' received
2025-05-30 13:55:29 DEBUG    Server: REST request of type 'current' received
2025-05-30 13:55:30 DEBUG    Server: REST request of type 'current' received
2025-05-30 13:55:30 DEBUG    Server: REST request of type 'real_time' received
2025-05-30 13:55:33 DEBUG    Server: REST request of type 'current' received
2025-05-30 13:55:34 DEBUG    Server: REST request of type 'real_time' received
2025-05-30 13:55:36 DEBUG    Server: REST request of type 'current' received
2025-05-30 13:55:38 DEBUG    Server: REST request of type 'current' received
2025-05-30 13:55:38 DEBUG    Server: REST request of type 'real_time' received
2025-05-30 13:55:41 DEBUG    Server: REST request of type 'current' received
2025-05-30 13:55:43 DEBUG    Server: REST request of type 'real_time' received
2025-05-30 13:55:44 DEBUG    Server: REST request of type 'current' received
2025-05-30 13:55:47 DEBUG    Server: REST request of type 'current' received
2025-05-30 13:55:48 DEBUG    Server: REST request of type 'real_time' received
2025-05-30 13:55:50 DEBUG    Server: REST request of type 'current' received
2025-05-30 13:55:53 DEBUG    Server: REST request of type 'current' received
2025-05-30 13:55:53 DEBUG    Server: REST request of type 'real_time' received
2025-05-30 13:55:56 DEBUG    Server: REST request of type 'current' received
2025-05-30 13:55:58 DEBUG    Server: REST request of type 'real_time' received
2025-05-30 13:55:59 DEBUG    Server: REST request of type 'current' received
2025-05-30 13:56:02 DEBUG    Server: REST request of type 'current' received
2025-05-30 13:56:04 DEBUG    Server: REST request of type 'real_time' received
2025-05-30 13:56:06 DEBUG    Server: REST request of type 'current' received
2025-05-30 13:56:09 DEBUG    Server: REST request of type 'current' received
2025-05-30 13:56:09 DEBUG    Server: REST request of type 'real_time' received
2025-05-30 13:56:11 DEBUG    Server: REST request of type 'current' received
2025-05-30 13:56:13 DEBUG    Server: REST request of type 'real_time' received
2025-05-30 13:56:14 DEBUG    Server: REST request of type 'current' received
2025-05-30 13:56:17 DEBUG    Server: REST request of type 'current' received
2025-05-30 13:56:18 DEBUG    Server: REST request of type 'real_time' received
2025-05-30 13:56:20 DEBUG    Server: REST request of type 'current' received
2025-05-30 13:56:23 DEBUG    Server: REST request of type 'current' received
2025-05-30 13:56:23 DEBUG    Server: REST request of type 'real_time' received
2025-05-30 13:56:26 DEBUG    Server: REST request of type 'current' received
2025-05-30 13:56:28 DEBUG    Server: REST request of type 'real_time' received
2025-05-30 13:56:29 DEBUG    Server: REST request of type 'current' received
2025-05-30 13:56:30 DEBUG    Server: REST request of type 'current' received
2025-05-30 13:56:30 DEBUG    Server: REST request of type 'real_time' received
2025-05-30 13:56:32 DEBUG    Server: REST request of type 'current' received
2025-05-30 13:56:33 DEBUG    Server: REST request of type 'real_time' received
2025-05-30 13:56:36 DEBUG    Server: REST request of type 'current' received
2025-05-30 13:56:39 DEBUG    Server: REST request of type 'current' received
2025-05-30 13:56:39 DEBUG    Server: REST request of type 'real_time' received
2025-05-30 13:56:41 DEBUG    Server: REST request of type 'current' received
2025-05-30 13:56:43 DEBUG    Server: REST request of type 'real_time' received
2025-05-30 13:56:44 DEBUG    Server: REST request of type 'current' received
2025-05-30 13:56:47 DEBUG    Server: REST request of type 'current' received
2025-05-30 13:56:48 DEBUG    Server: REST request of type 'real_time' received
2025-05-30 13:56:50 DEBUG    Server: REST request of type 'current' received
2025-05-30 13:56:53 DEBUG    Server: REST request of type 'current' received
2025-05-30 13:56:53 DEBUG    Server: REST request of type 'real_time' received
2025-05-30 13:56:56 DEBUG    Server: REST request of type 'current' received
2025-05-30 13:56:58 DEBUG    Server: REST request of type 'real_time' received
2025-05-30 13:56:59 DEBUG    Server: REST request of type 'current' received
2025-05-30 13:57:02 DEBUG    Server: REST request of type 'current' received
2025-05-30 13:57:03 DEBUG    Server: REST request of type 'real_time' received
2025-05-30 13:57:05 DEBUG    Server: REST request of type 'current' received
2025-05-30 13:57:09 DEBUG    Server: REST request of type 'current' received
2025-05-30 13:57:09 DEBUG    Server: REST request of type 'real_time' received
2025-05-30 13:57:12 DEBUG    Server: REST request of type 'current' received
2025-05-30 13:57:13 DEBUG    Server: REST request of type 'real_time' received
2025-05-30 13:57:14 DEBUG    Server: REST request of type 'current' received
2025-05-30 13:57:17 DEBUG    Server: REST request of type 'current' received
2025-05-30 13:57:18 DEBUG    Server: REST request of type 'real_time' received
2025-05-30 13:57:20 DEBUG    Server: REST request of type 'current' received
2025-05-30 13:57:23 DEBUG    Server: REST request of type 'current' received
2025-05-30 13:57:23 DEBUG    Server: REST request of type 'real_time' received
2025-05-30 13:57:26 DEBUG    Server: REST request of type 'current' received
2025-05-30 13:57:28 DEBUG    Server: REST request of type 'real_time' received
2025-05-30 13:57:29 DEBUG    Server: REST request of type 'current' received
2025-05-30 13:57:30 DEBUG    Server: REST request of type 'current' received
2025-05-30 13:57:30 DEBUG    Server: REST request of type 'real_time' received
2025-05-30 13:57:32 DEBUG    Server: REST request of type 'current' received
2025-05-30 13:57:33 DEBUG    Server: REST request of type 'real_time' received
2025-05-30 13:57:35 DEBUG    Server: REST request of type 'current' received
2025-05-30 13:57:39 DEBUG    Server: REST request of type 'current' received
2025-05-30 13:57:39 DEBUG    Server: REST request of type 'real_time' received
2025-05-30 13:57:42 DEBUG    Server: REST request of type 'current' received
2025-05-30 13:57:43 DEBUG    Server: REST request of type 'real_time' received
2025-05-30 13:57:44 DEBUG    Server: REST request of type 'current' received
2025-05-30 13:57:47 DEBUG    Server: REST request of type 'current' received
2025-05-30 13:57:48 DEBUG    Server: REST request of type 'real_time' received
2025-05-30 13:57:50 DEBUG    Server: REST request of type 'current' received
2025-05-30 13:57:53 DEBUG    Server: REST request of type 'current' received
2025-05-30 13:57:53 DEBUG    Server: REST request of type 'real_time' received
2025-05-30 13:57:56 DEBUG    Server: REST request of type 'current' received
2025-05-30 13:57:58 DEBUG    Server: REST request of type 'real_time' received
2025-05-30 13:57:59 DEBUG    Server: REST request of type 'current' received
